<?xml version="1.0" encoding="UTF-8" standalone="no"?><testsuite errors="1" failures="0" name="Test" skipped="0" tests="1" time="2.78" timestamp="2025-02-09 06:03:26"><testcase name="Valor de compra celular y monitor"><error message="Cannot invoke &quot;Object.getClass()&quot; because &quot;object&quot; is null" type="java.lang.NullPointerException">Cannot invoke "Object.getClass()" because "object" is null</error><system-err>Cannot invoke "Object.getClass()" because "object" is null&#13;
net.thucydides.core.steps.StepFactory.injectOtherDependenciesInto(StepFactory.java:208)&#13;
net.thucydides.core.steps.StepFactory.instantiateUniqueStepLibraryFor(StepFactory.java:227)&#13;
net.thucydides.core.steps.StepFactory.getUniqueStepLibraryFor(StepFactory.java:155)&#13;
com.co.choucair.task.GoToCart.on(GoToCart.java:41)&#13;
com.co.choucair.stepdefinitions.PurchaseValueStepDefinitions.realizarUnPedido(PurchaseValueStepDefinitions.java:46)&#13;
✽.Realizar un pedido(file:///C:/Users/avargasre/Documents/Projectos%20de%20estudio/Java/Reto1_ScreenPlay/Projects/reto2_aut_choucair/src/test/resources/features/purchase_value.feature:10)&#13;
</system-err></testcase></testsuite>